Arguments: 
  /usr/local/bin/node /Users/bradleyfindeis/.yarn/bin/yarn.js start

PATH: 
  /Users/bradleyfindeis/.yarn/bin:/Users/bradleyfindeis/.config/yarn/global/node_modules/.bin:~/.npm-global/bin:/Users/bradleyfindeis/.rbenv/shims:/Users/bradleyfindeis/.rbenv/bin:/Applications/Postgres.app/Contents/Versions/10/bin:/usr/local/bin:/usr/bin:/bin:/usr/sbin:/sbin

Yarn version: 
  1.5.1

Node version: 
  9.5.0

Platform: 
  darwin x64

npm manifest: 
  No manifest

yarn manifest: 
  No manifest

Lockfile: 
  No lockfile

Trace: 
  Error: Couldn't find a package.json file in "/Users/bradleyfindeis/Desktop/DPL/Week5/Thursday/trip_tracker"
      at new MessageError (/Users/bradleyfindeis/.yarn/lib/cli.js:186:110)
      at /Users/bradleyfindeis/.yarn/lib/cli.js:40048:15
      at Generator.next (<anonymous>)
      at step (/Users/bradleyfindeis/.yarn/lib/cli.js:98:30)
      at /Users/bradleyfindeis/.yarn/lib/cli.js:109:13
      at <anonymous>
